<?xml version="1.0" encoding="UTF-8"?>
<!--
  Copyright 2012 Volodymyr Grachov
  
  Licensed under the Apache License, Version 2.0 (the "License");
  you may not use this file except in compliance with the License.
  You may obtain a copy of the License at
  
    http://www.apache.org/licenses/LICENSE-2.0
  
  Unless required by applicable law or agreed to in writing, software
  distributed under the License is distributed on an "AS IS" BASIS,
  WITHOUT WARRANTIES OR CONDITIONS OF ANY KIND, either express or implied.
  See the License for the specific language governing permissions and
  limitations under the License.
-->
<testsuite
    name="org.brackit.berkeleydb.CUSTOMER_DB_Test"
    errors="0"
    failures="0"
    skipped="0"
    tests="1"
    time="0.5" >

    <properties>

        <property
            name="java.runtime.name"
            value="Java(TM) SE Runtime Environment" />

        <property
            name="sun.boot.library.path"
            value="C:\Program Files\Java\jre6\bin" />

        <property
            name="java.vm.version"
            value="19.1-b02" />

        <property
            name="java.vm.vendor"
            value="Sun Microsystems Inc." />

        <property
            name="java.vendor.url"
            value="http://java.sun.com/" />

        <property
            name="path.separator"
            value=";" />

        <property
            name="java.vm.name"
            value="Java HotSpot(TM) Client VM" />

        <property
            name="file.encoding.pkg"
            value="sun.io" />

        <property
            name="user.country"
            value="DE" />

        <property
            name="sun.java.launcher"
            value="SUN_STANDARD" />

        <property
            name="sun.os.patch.level"
            value="Service Pack 3" />

        <property
            name="java.vm.specification.name"
            value="Java Virtual Machine Specification" />

        <property
            name="user.dir"
            value="G:\Projects\univ\berkeleydb" />

        <property
            name="java.runtime.version"
            value="1.6.0_24-b07" />

        <property
            name="java.awt.graphicsenv"
            value="sun.awt.Win32GraphicsEnvironment" />

        <property
            name="basedir"
            value="G:\Projects\univ\berkeleydb" />

        <property
            name="java.endorsed.dirs"
            value="C:\Program Files\Java\jre6\lib\endorsed" />

        <property
            name="os.arch"
            value="x86" />

        <property
            name="surefire.real.class.path"
            value="G:\Projects\univ\berkeleydb\target\surefire\surefirebooter8332330940284806418.jar" />

        <property
            name="java.io.tmpdir"
            value="C:\DOCUME~1\tester\LOCALS~1\Temp\" />

        <property
            name="line.separator"
            value="
" />

        <property
            name="java.vm.specification.vendor"
            value="Sun Microsystems Inc." />

        <property
            name="user.variant"
            value="" />

        <property
            name="os.name"
            value="Windows XP" />

        <property
            name="sun.jnu.encoding"
            value="Cp1251" />

        <property
            name="java.library.path"
            value="C:\Program Files\Java\jre6\bin;.;C:\WINDOWS\Sun\Java\bin;C:\WINDOWS\system32;C:\WINDOWS;C:/Program Files/Java/jre6/bin/client;C:/Program Files/Java/jre6/bin;C:/Program Files/Java/jre6/lib/i386;C:\Program Files\Far_with_plugin;C:\WINDOWS\system32;C:\WINDOWS;C:\WINDOWS\System32\Wbem;C:\Program Files\NTRU Cryptosystems\NTRU TCG Software Stack\bin\;C:\Program Files\Wave Systems Corp\Gemalto\Access Client\v5\;C:\Program Files\Common Files\Roxio Shared\DLLShared\;C:\Program Files\Common Files\Roxio Shared\9.0\DLLShared\;C:\java\maven\apache-maven-3.0.4\bin;C:\Program Files\Java\jdk1.6.0_20\bin;C:\Program Files\TortoiseSVN\bin;C:\Program Files\MySQL\MySQL Server 5.1_3\bin;G:\Projects\spring-roo\spring-roo\bin;G:\Projects\3D\jcae-0.16\OpenCASCADE6.2.0/ros/win32/bin;G:\Projects\3D\jcae-0.16\jcae/modules/lib/;C:\Program Files\FreeCAD0.10\bin;C:\Program Files\FreeCAD0.10\bin\PyQt4;C:\WINDOWS\system32\WindowsPowerShell\v1.0;C:\java\ant\bin;C:\axis2\bin;C:\Program Files\MiKTeX 2.9\miktex\bin\;c:\cygwin\bin;c:\cygwin\usr\bin;C:\Program Files\TortoiseHg\;C:\Program Files\Oracle\Berkeley DB 11gR2 5.3.21\bin;C:\Program Files\Microsoft Visual Studio\Common\Tools\WinNT;C:\Program Files\Microsoft Visual Studio\Common\MSDev98\Bin;C:\Program Files\Microsoft Visual Studio\Common\Tools;C:\Program Files\Microsoft Visual Studio\VC98\bin;C:\eclipse;" />

        <property
            name="surefire.test.class.path"
            value="G:\Projects\univ\berkeleydb\target\test-classes;G:\Projects\univ\berkeleydb\target\classes;C:\Documents and Settings\tester\.m2\repository\junit\junit\4.9\junit-4.9.jar;C:\Documents and Settings\tester\.m2\repository\org\hamcrest\hamcrest-core\1.1\hamcrest-core-1.1.jar;C:\Documents and Settings\tester\.m2\repository\com\sleepycat\je\5.0.58\je-5.0.58.jar;C:\Documents and Settings\tester\.m2\repository\log4j\log4j\1.2.16\log4j-1.2.16.jar;C:\Documents and Settings\tester\.m2\repository\com\thoughtworks\xstream\xstream\1.4.3\xstream-1.4.3.jar;C:\Documents and Settings\tester\.m2\repository\xmlpull\xmlpull\1.1.3.1\xmlpull-1.1.3.1.jar;C:\Documents and Settings\tester\.m2\repository\xpp3\xpp3_min\1.1.4c\xpp3_min-1.1.4c.jar;C:\Documents and Settings\tester\.m2\repository\com\google\inject\guice\3.0\guice-3.0.jar;C:\Documents and Settings\tester\.m2\repository\javax\inject\javax.inject\1\javax.inject-1.jar;C:\Documents and Settings\tester\.m2\repository\aopalliance\aopalliance\1.0\aopalliance-1.0.jar;" />

        <property
            name="java.specification.name"
            value="Java Platform API Specification" />

        <property
            name="java.class.version"
            value="50.0" />

        <property
            name="sun.management.compiler"
            value="HotSpot Client Compiler" />

        <property
            name="os.version"
            value="5.1" />

        <property
            name="user.home"
            value="C:\Documents and Settings\tester" />

        <property
            name="user.timezone"
            value="Europe/Berlin" />

        <property
            name="java.awt.printerjob"
            value="sun.awt.windows.WPrinterJob" />

        <property
            name="java.specification.version"
            value="1.6" />

        <property
            name="file.encoding"
            value="Cp1252" />

        <property
            name="user.name"
            value="tester" />

        <property
            name="java.class.path"
            value="G:\Projects\univ\berkeleydb\target\test-classes;G:\Projects\univ\berkeleydb\target\classes;C:\Documents and Settings\tester\.m2\repository\junit\junit\4.9\junit-4.9.jar;C:\Documents and Settings\tester\.m2\repository\org\hamcrest\hamcrest-core\1.1\hamcrest-core-1.1.jar;C:\Documents and Settings\tester\.m2\repository\com\sleepycat\je\5.0.58\je-5.0.58.jar;C:\Documents and Settings\tester\.m2\repository\log4j\log4j\1.2.16\log4j-1.2.16.jar;C:\Documents and Settings\tester\.m2\repository\com\thoughtworks\xstream\xstream\1.4.3\xstream-1.4.3.jar;C:\Documents and Settings\tester\.m2\repository\xmlpull\xmlpull\1.1.3.1\xmlpull-1.1.3.1.jar;C:\Documents and Settings\tester\.m2\repository\xpp3\xpp3_min\1.1.4c\xpp3_min-1.1.4c.jar;C:\Documents and Settings\tester\.m2\repository\com\google\inject\guice\3.0\guice-3.0.jar;C:\Documents and Settings\tester\.m2\repository\javax\inject\javax.inject\1\javax.inject-1.jar;C:\Documents and Settings\tester\.m2\repository\aopalliance\aopalliance\1.0\aopalliance-1.0.jar;" />

        <property
            name="java.vm.specification.version"
            value="1.0" />

        <property
            name="sun.arch.data.model"
            value="32" />

        <property
            name="java.home"
            value="C:\Program Files\Java\jre6" />

        <property
            name="java.specification.vendor"
            value="Sun Microsystems Inc." />

        <property
            name="user.language"
            value="de" />

        <property
            name="awt.toolkit"
            value="sun.awt.windows.WToolkit" />

        <property
            name="java.vm.info"
            value="mixed mode, sharing" />

        <property
            name="java.version"
            value="1.6.0_24" />

        <property
            name="java.ext.dirs"
            value="C:\Program Files\Java\jre6\lib\ext;C:\WINDOWS\Sun\Java\lib\ext" />

        <property
            name="sun.boot.class.path"
            value="C:\Program Files\Java\jre6\lib\resources.jar;C:\Program Files\Java\jre6\lib\rt.jar;C:\Program Files\Java\jre6\lib\sunrsasign.jar;C:\Program Files\Java\jre6\lib\jsse.jar;C:\Program Files\Java\jre6\lib\jce.jar;C:\Program Files\Java\jre6\lib\charsets.jar;C:\Program Files\Java\jre6\lib\modules\jdk.boot.jar;C:\Program Files\Java\jre6\classes" />

        <property
            name="java.vendor"
            value="Sun Microsystems Inc." />

        <property
            name="localRepository"
            value="C:\Documents and Settings\tester\.m2\repository" />

        <property
            name="file.separator"
            value="\" />

        <property
            name="java.vendor.url.bug"
            value="http://java.sun.com/cgi-bin/bugreport.cgi" />

        <property
            name="sun.cpu.endian"
            value="little" />

        <property
            name="sun.io.unicode.encoding"
            value="UnicodeLittle" />

        <property
            name="sun.desktop"
            value="windows" />

        <property
            name="sun.cpu.isalist"
            value="pentium_pro+mmx pentium_pro pentium+mmx pentium i486 i386 i86" />
    </properties>

    <testcase
        name="select"
        classname="org.brackit.berkeleydb.CUSTOMER_DB_Test"
        time="0.015" />

</testsuite>
